
GET /article/list 304 - - 198.488 ms
GET /lib/bootstrap/dist/css/bootstrap.css 304 - - 72.411 ms
GET /lib/jquery/dist/jquery.js 304 - - 81.680 ms
GET /lib/bootstrap/dist/js/bootstrap.js 304 - - 89.672 ms
GET /lib/bootstrap/dist/css/bootstrap.css.map 304 - - 53.206 ms
GET /favicon.ico 304 - - 39.263 ms
GET /article/add 200 2344 - 58.183 ms
GET /lib/bootstrap/dist/css/bootstrap.css 304 - - 52.193 ms
GET /lib/jquery/dist/jquery.js 304 - - 58.927 ms
GET /lib/bootstrap/dist/js/bootstrap.js 304 - - 66.080 ms
GET /lib/bootstrap/dist/css/bootstrap.css.map 304 - - 62.129 ms
GET /favicon.ico 304 - - 27.123 ms
GET /user/logout 302 66 - 26.955 ms
GET /user/login 200 2322 - 48.521 ms
GET /lib/bootstrap/dist/css/bootstrap.css 304 - - 57.947 ms
GET /lib/jquery/dist/jquery.js 304 - - 61.745 ms
GET /lib/bootstrap/dist/js/bootstrap.js 304 - - 77.070 ms
GET /lib/bootstrap/dist/css/bootstrap.css.map 304 - - 56.462 ms
GET /favicon.ico 200 1857 - 25.143 ms
POST /user/login 302 46 - 141.705 ms
GET / 302 70 - 36.884 ms
GET /article/list 304 - - 121.283 ms
GET /lib/bootstrap/dist/css/bootstrap.css 304 - - 50.037 ms
GET /lib/jquery/dist/jquery.js 304 - - 57.776 ms
GET /lib/bootstrap/dist/js/bootstrap.js 304 - - 60.799 ms
GET /lib/bootstrap/dist/css/bootstrap.css.map 304 - - 40.262 ms
GET /favicon.ico 200 1868 - 26.456 ms
GET /article/list?pageNum=1&pageSize=10 200 4044 - 96.363 ms
GET /lib/bootstrap/dist/css/bootstrap.css 304 - - 55.350 ms
GET /lib/jquery/dist/jquery.js 304 - - 63.608 ms
GET /lib/bootstrap/dist/js/bootstrap.js 304 - - 68.609 ms
GET /lib/bootstrap/dist/css/bootstrap.css.map 304 - - 50.609 ms
GET /favicon.ico 304 - - 39.973 ms
GET /article/add 304 - - 27.452 ms
GET /lib/bootstrap/dist/css/bootstrap.css 304 - - 52.340 ms
GET /lib/jquery/dist/jquery.js 304 - - 62.371 ms
GET /lib/bootstrap/dist/js/bootstrap.js 304 - - 66.638 ms
GET /lib/bootstrap/dist/css/bootstrap.css.map 304 - - 54.234 ms
GET /favicon.ico 304 - - 27.854 ms
POST /article/add 302 46 - 75.014 ms
GET / 302 70 - 42.831 ms
GET /article/list 304 - - 111.802 ms
GET /lib/bootstrap/dist/css/bootstrap.css 304 - - 59.368 ms
GET /lib/bootstrap/dist/js/bootstrap.js 304 - - 57.512 ms
GET /lib/jquery/dist/jquery.js 304 - - 77.233 ms
GET /lib/bootstrap/dist/css/bootstrap.css.map 304 - - 65.321 ms
GET /favicon.ico 304 - - 33.921 ms
GET /article/list?pageNum=1&pageSize=5 200 4615 - 103.684 ms
GET /lib/bootstrap/dist/css/bootstrap.css 304 - - 86.651 ms
GET /lib/jquery/dist/jquery.js 304 - - 90.199 ms
GET /lib/bootstrap/dist/js/bootstrap.js 304 - - 75.175 ms
GET /lib/bootstrap/dist/css/bootstrap.css.map 304 - - 55.625 ms
GET /favicon.ico 304 - - 28.567 ms
GET /article/list?keyword=h 200 2918 - 108.358 ms
GET /lib/bootstrap/dist/css/bootstrap.css 304 - - 48.434 ms
GET /lib/jquery/dist/jquery.js 304 - - 55.551 ms
GET /lib/bootstrap/dist/js/bootstrap.js 304 - - 59.204 ms
GET /lib/bootstrap/dist/css/bootstrap.css.map 304 - - 60.732 ms
GET /favicon.ico 304 - - 30.439 ms
GET /article/list?keyword=h - - - - ms
GET / 302 70 - 467.394 ms
GET /article/list 200 3808 - 604.982 ms
GET /lib/bootstrap/dist/js/bootstrap.js 304 - - 101.478 ms
GET /lib/jquery/dist/jquery.js 304 - - 165.908 ms
GET /favicon.ico 200 1886 - 60.626 ms
GET /article/add 200 2362 - 127.505 ms
GET /lib/jquery/dist/jquery.js 304 - - 41.729 ms
GET /lib/bootstrap/dist/js/bootstrap.js 304 - - 49.843 ms
GET /favicon.ico 304 - - 35.975 ms
